<?xml version="1.0" encoding="UTF-8"?>
<testng-results skipped="0" failed="0" total="2" passed="2">
  <reporter-output>
  </reporter-output>
  <suite name="My TestNG suite" duration-ms="29" started-at="2016-11-04T16:02:35Z" finished-at="2016-11-04T16:02:35Z">
    <groups>
    </groups>
    <test name="set up project" duration-ms="29" started-at="2016-11-04T16:02:35Z" finished-at="2016-11-04T16:02:35Z">
      <class name="testNgPackage.testingClass">
        <test-method status="PASS" signature="testcaseOne()[pri:0, instance:testNgPackage.testingClass@c42916]" name="testcaseOne" duration-ms="7" started-at="2016-11-04T17:02:35Z" finished-at="2016-11-04T17:02:35Z">
          <reporter-output>
          </reporter-output>
        </test-method> <!-- testcaseOne -->
        <test-method status="PASS" signature="testcaseTwo()[pri:0, instance:testNgPackage.testingClass@c42916]" name="testcaseTwo" duration-ms="6" started-at="2016-11-04T17:02:35Z" finished-at="2016-11-04T17:02:35Z">
          <reporter-output>
          </reporter-output>
        </test-method> <!-- testcaseTwo -->
      </class> <!-- testNgPackage.testingClass -->
    </test> <!-- set up project -->
  </suite> <!-- My TestNG suite -->
</testng-results>
